C51 COMPILER V7.50   PANEL                                                                 06/16/2017 08:24:41 PAGE 1   


C51 COMPILER V7.50, COMPILATION OF MODULE PANEL
OBJECT MODULE PLACED IN .\Object\panel.obj
COMPILER INVOKED BY: C:\Keil\C51\BIN\C51.EXE SourceFile\panel.c LARGE OMF2 BROWSE INCDIR(.\IncludeFile;..\tw_lib\sys;..\
                    -tw_lib\drivers) DEFINE(T123AI) DEBUG PRINT(.\List\panel.lst) TABS(2) OBJECT(.\Object\panel.obj)

line level    source

   1          /**
   2           *  @file   panel.c
   3           *  @brief  panel conifg and video setting regsters table
   4           *  $Id: panel.c,v 1.4 2012/12/26 06:05:34 tony Exp $
   5           *  $Author: tony $
   6           *  $Revision: 1.4 $
   7           *
   8           *  Copyright (c) 2011 Terawins Inc. All rights reserved.
   9           * 
  10           *  @date   2011/08/12  ken   New file.
  11           *
  12           */
  13          
  14          #include "sys.h"
  15          #include "panel.h"
  16          #include "iccontrol.h"
  17          #include "cq.h"
  18          
  19          /*
  20           * T123 Register Table Format (for WriteRegsTable with command queue)
  21           *
  22           *   need EOL (End of Line) at every register pages 
  23           *   need 4pages (Page0~Page3)
  24           *
  25           *   unsigned char code RegisterTable[]={
  26           *       ...
  27           *           0xFF, 0x00, // EOL, Page0
  28           *       ...
  29           *           0xFF, 0x00, // EOL, Page1
  30           *       ...
  31           *           0xFF, 0x00, // EOL, Page2
  32           *       ...
  33           *           0xFF, 0x00, // EOL, Page3
  34           *   };
  35           */
  36          
  37          /* HANSTER 7' DIGITAL */
  38          unsigned char code HANSTER_PANEL_INIT_TBL[]={
  39          //page_40
  40          0x16,0xF3,
  41          0xC2,0x00,
  42          0xC1,0x00,
  43          0xC7,0x08,
  44          0xC8,0x08,
  45          0xC9,0x02,
  46          0xCA,0x22,
  47          0xE0,0xF8,
  48          0xE1,0xF4,
  49          0xE3,0x90,
  50          0xFE,0x04,
  51          0x90,0x04,
  52          0x91,0x07,
  53          0x9D,0x10,
  54          0x9E,0x80,
C51 COMPILER V7.50   PANEL                                                                 06/16/2017 08:24:41 PAGE 2   

  55          0x9F,0x80,
  56          0xB0,0x80,
  57          0xB1,0x00,
  58          0xB2,0x16,
  59          0xB3,0x00,
  60          0xB4,0x40,
  61          0xB5,0x01,
  62          0xB6,0xF0,
  63          0xB7,0x00,
  64          0xB8,0x02,
  65          0xB9,0x02,
  66          0xBA,0x0A,
  67          0xBB,0x02,
  68          0xBC,0x20,
  69          0xBD,0x00,
  70          0xBE,0x03,
  71          0xBF,0x00,
  72          0xDC,0x40,
  73          0xDD,0x01,
  74          0xDE,0xF0,
  75          0xDF,0x00,
  76               0xFF,0x00,
  77          //page_42
  78          0xA2,0x0F,
  79          0x68,0x06,
  80          0x69,0x08,
  81          0x6A,0x60,
  82          0x6B,0x08,
  83          0x6C,0x60,
  84          0x62,0x00,
  85          0x63,0x01,
  86          0x64,0x00,
  87          0x65,0x00,
  88          0x66,0x01,
  89          0x67,0x00,
  90               0xFF,0x00,
  91          //page_44
  92          0x0D,0x03,
  93          0x0E,0x77,
  94          0x0F,0x4C,
  95          0x10,0x2A,
  96          0x11,0xB9,
  97          0x4B,0x37,
  98          0x69,0x10,
  99          0x6A,0x88,
 100          0x6C,0x00,
 101          0x80,0x04,
 102          0x81,0x08,
 103          0x88,0x26,
 104          0x89,0x55,
 105          0x8B,0x00,
 106          0x8C,0x00,
 107          0x3F,0x00,
 108          0x3F,0x00,
 109               0xFF,0x00,
 110          //page_46
 111          0x77,0x00,
 112          0x78,0x00,
 113          0x79,0x00,
 114               0xFF,0x00,
 115          };
 116          
C51 COMPILER V7.50   PANEL                                                                 06/16/2017 08:24:41 PAGE 3   

 117          unsigned char code cvbs_init[]={
 118          //page_40
 119          0x00,0x00,
 120          0x0F,0x70,
 121          0x10,0x28,
 122          0x16,0xF3,
 123          0x18,0x10,
 124          0x19,0x08,
 125          0x1A,0x42,
 126          0x30,0x02,
 127          0x31,0x84,
 128          0x3C,0x0C,
 129          0x61,0x88,
 130          0x62,0x04,
 131          0x63,0x04,
 132          0x64,0x05,
 133          0x70,0x20,
 134          0x72,0x33,
 135          0x73,0x46,
 136          0x74,0x00,
 137          0x75,0x1F,
 138          0x84,0x00,
 139          0x85,0x56,
 140          0xC2,0x00,
 141          0x0D,0x28,
 142          0x0F,0x70,
 143          0xC4,0x80,
 144               0xFF,0x00,
 145          //page_42
 146          0x10,0x00,
 147          0x12,0x80,
 148          0x13,0x00,
 149          0x3A,0x00,
 150          0x3B,0x22,
 151          0x3C,0x0A,
 152          0x3F,0x00,
 153               0xFF,0x00,
 154          //page_44
 155          0x12,0x06,
 156          0x14,0x40,
 157          0x30,0x2D,
 158          0x31,0x61,
 159          0x3E,0x07,
 160          0x40,0x1C,
 161          0x3F,0x00,
 162          0x3F,0x00,
 163               0xFF,0x00,
 164          //page_46
 165          0x7C,0xE0,
 166          0x7D,0x03,
 167          0x7E,0x84,
 168          0x7F,0x01,
 169               0xFF,0x00,
 170          //page_48
 171               0xFF,0x00,
 172          };
 173          
 174          
 175          unsigned char code auto_ntsc[]={
 176          //page_40
 177          0xC2,0x00,
 178          0xC8,0x08,
C51 COMPILER V7.50   PANEL                                                                 06/16/2017 08:24:41 PAGE 4   

 179          0xC9,0x02,
 180          0xCA,0x22,
 181               0xFF,0x00,
 182          //page_42
 183               0xFF,0x00,
 184          //page_44
 185          0x00,0x00,
 186          0x01,0x03,
 187          0x02,0x4B,
 188          0x03,0x48,
 189          0x04,0xDD,
 190          0x07,0xA0,
 191          0x08,0x68,
 192          0x09,0x20,
 193          0x0A,0x7F,
 194          0x18,0x21,
 195          0x19,0xF0,
 196          0x1A,0x7C,
 197          0x1B,0x1F,
 198          0x2E,0x82,
 199          0x2F,0x50,
 200          0x30,0x2D,
 201          0x31,0x61,
 202               0xFF,0x00,
 203          //page_46
 204               0xFF,0x00,
 205          //page_48
 206               0xFF,0x00,
 207          };
 208          
 209          unsigned char code auto_pal[]={
 210          //page_40
 211          0xC2,0x00,
 212          0xC8,0x08,
 213          0xC9,0x02,
 214          0xCA,0x22,
 215               0xFF,0x00,
 216          //page_42
 217               0xFF,0x00,
 218          //page_44
 219          0x00,0x32,
 220          0x01,0x03,
 221          0x02,0x4B,
 222          0x03,0x48,
 223          0x04,0xDD,
 224          0x07,0xA0,
 225          0x08,0x68,
 226          0x09,0x20,
 227          0x0A,0x7F,
 228          0x18,0x2A,
 229          0x19,0x09,
 230          0x1A,0x8A,
 231          0x1B,0xCB,
 232          0x2E,0x82,
 233          0x2F,0x50,
 234          0x30,0x2B,
 235          0x31,0xD3,
 236               0xFF,0x00,
 237          //page_46
 238               0xFF,0x00,
 239          //page_48
 240               0xFF,0x00,
C51 COMPILER V7.50   PANEL                                                                 06/16/2017 08:24:41 PAGE 5   

 241          };
 242          
 243          unsigned char code auto_secam[]={
 244          /* page 0 */  
 245          0xC2,0x02,
 246          0xC8,0x4F,
 247          0xC9,0x02,
 248          0xCA,0x22,
 249            0XFF,0X00,
 250          /* page 1 */  
 251            0XFF,0X00,
 252          /* page 2 */  
 253          0x01,0x08,
 254          0x02,0x4B,
 255          0x03,0x4a,
 256          0x04,0xdc,
 257          0x07,0xAe,
 258          0x08,0x70,
 259          0x09,0x20,
 260          0x0A,0x70,
 261          0x2e,0x00,
 262          0x2F,0x50,
 263            0XFF,0X00,
 264          /* page 3 */  
 265            
 266            0XFF,0X00,
 267          /* page 4 */  
 268            0XFF,0X00,
 269          };
 270          
 271          unsigned char code auto_palm[]={
 272          /* page 0 */  
 273          0xC2,0x02,
 274          0xc8,0x44,
 275          0xc9,0x03,
 276          0xca,0x21,
 277            0XFF,0X00,
 278          /* page 1 */  
 279            0XFF,0X00,
 280          /* page 2 */  
 281          0x01,0x09,
 282          0x02,0x4B,
 283          0x03,0x4a,
 284          0x04,0xdc,
 285          0x07,0xAe,
 286          0x08,0x50,
 287          0x09,0x18,
 288          0x0A,0x70,
 289          0x2e,0x00,
 290          0x2f,0x4e,
 291            0XFF,0X00,
 292          /* page 3 */  
 293            
 294            0XFF,0X00,
 295          /* page 4 */  
 296            0XFF,0X00,
 297          };
 298          
 299          unsigned char code auto_paln[]={    
 300          /* page 0 */  
 301          0xC2,0x02,
 302          0xC8,0x4F,
C51 COMPILER V7.50   PANEL                                                                 06/16/2017 08:24:41 PAGE 6   

 303          0xC9,0x02,
 304          0xCA,0x22,
 305            0XFF,0X00,
 306          /* page 1 */  
 307            0XFF,0X00,
 308          /* page 2 */  
 309          0x01,0x08,
 310          0x02,0x4B,
 311          0x03,0x4a,
 312          0x04,0xdc,
 313          0x07,0xAe,
 314          0x08,0x70,
 315          0x09,0x20,
 316          0x0A,0x70,
 317          0x2e,0x00,
 318          0x2F,0x50,
 319            0XFF,0X00,
 320          /* page 3 */  
 321            
 322            0XFF,0X00,
 323          /* page 4 */  
 324            0XFF,0X00,
 325          };
 326          
 327          unsigned char code auto_ntsc4[]={
 328          /* page 0 */
 329          0xC2,0x02,
 330          0xc8,0x44,
 331          0xc9,0x03,
 332          0xca,0x21,  
 333            0XFF,0X00,
 334          /* page 1 */  
 335            0XFF,0X00,
 336          /* page 2 */  
 337          0x01,0x09,
 338          0x02,0x4B,
 339          0x03,0x4a,
 340          0x04,0xdc,
 341          0x07,0xAe,
 342          0x08,0x50,
 343          0x09,0x18,
 344          0x0A,0x70,
 345          0x2e,0x00,
 346          0x2f,0x4e,
 347            0XFF,0X00,
 348          /* page 3 */  
 349            
 350            0XFF,0X00,
 351          /* page 4 */  
 352            0XFF,0X00,
 353          }; 
 354          
 355          unsigned char code ntsc_timing[]={
 356          //page_40
 357          0x70,0x20,
 358          0x72,0x33,
 359          0x73,0x46,
 360          0x74,0x00,
 361          0x75,0x1F,
 362          0x84,0x00,
 363          0x85,0x56,
 364          0xB0,0x80,
C51 COMPILER V7.50   PANEL                                                                 06/16/2017 08:24:41 PAGE 7   

 365          0xB2,0x16,
 366          0xB8,0x02,
 367          0xB9,0x02,
 368          0xBA,0x0A,
 369          0xBB,0x02,
 370          0xBC,0x20,
 371          0xBE,0x03,
 372          0x91,0x07,
 373          0xC2,0x00,
 374               0xFF,0x00,
 375          //page_42
 376               0xFF,0x00,
 377          //page_44
 378               0xFF,0x00,
 379          //page_46
 380               0xFF,0x00,
 381          //page_48
 382               0xFF,0x00,
 383          };
 384          
 385          unsigned char code pal_timing[]={
 386          //page_40
 387          0x70,0x20,
 388          0x72,0x33,
 389          0x73,0x44,
 390          0x74,0x3D,
 391          0x75,0x26,
 392          0x84,0x00,
 393          0x85,0x38,
 394          0xB0,0x80,
 395          0xB2,0x16,
 396          0xB8,0x6F,
 397          0xB9,0x02,
 398          0xBA,0x0A,
 399          0xBB,0x02,
 400          0xBC,0x20,
 401          0xBE,0x03,
 402          0x91,0x07,
 403          0xC2,0x00,
 404               0xFF,0x00,
 405          //page_42
 406               0xFF,0x00,
 407          //page_44
 408               0xFF,0x00,
 409          //page_46
 410               0xFF,0x00,
 411          //page_48
 412               0xFF,0x00,
 413          };
 414          
 415          unsigned char code secam_timing[]={
 416          /* page 0 */  
 417          0x70,0x20,
 418          0x72,0xCC,
 419          0x73,0x1B,
 420          0x74,0x00,
 421          0x75,0x13,
 422          0x84,0xC7,
 423          0x85,0x01,
 424          0xB0,0x80,
 425          0xB1,0x00,
 426          0xB2,0x22,
C51 COMPILER V7.50   PANEL                                                                 06/16/2017 08:24:41 PAGE 8   

 427          0xB3,0x00,
 428          0xB4,0x20,
 429          0xB5,0x03,
 430          0xB6,0xE0,
 431          0xB7,0x01,
 432          0xB8,0x11,
 433          0xB9,0x05,
 434          0xBA,0x60,
 435          0xBB,0x02,
 436          0xBC,0x20,
 437          0xBD,0x00,
 438          0xBE,0x04,
 439          0xBF,0x00,
 440          0xDC,0x20,
 441          0xDD,0x03,
 442          0xDE,0xE0,
 443          0xDF,0x01,
 444          0x91,0x07,
 445          0xC2,0x02,
 446            0XFF,0X00,
 447          /* page 1 */  
 448          
 449            0XFF,0X00,
 450          /* page 2 */  
 451          
 452            0XFF,0X00,
 453          /* page 3 */  
 454            
 455            0XFF,0X00,
 456          /* page 4 */  
 457            0XFF,0X00,  
 458          };
 459          
 460          unsigned char code palm_timing[]={
 461          /* page 0 */  
 462          0x70,0x20,
 463          0x72,0xCC,
 464          0x73,0x1B,
 465          0x74,0x00,
 466          0x75,0x0f,
 467          0x84,0xC7,
 468          0x85,0x13,
 469          0xB0,0x80,
 470          0xB2,0x20,
 471          0xB8,0x7D, 
 472          0xB9,0x05,
 473          0xBA,0x60,
 474          0xBB,0x02,
 475          0xBC,0x20,
 476          0xBE,0x04,
 477          0x91,0x07,
 478          0xC2,0x02,
 479            0XFF,0X00,
 480          /* page 1 */  
 481          
 482            0XFF,0X00,
 483          /* page 2 */  
 484          
 485            0XFF,0X00,
 486          /* page 3 */  
 487            
 488            0XFF,0X00,
C51 COMPILER V7.50   PANEL                                                                 06/16/2017 08:24:41 PAGE 9   

 489          /* page 4 */  
 490            0XFF,0X00,  
 491          };
 492          
 493          unsigned char code paln_timing[]={
 494          /* page 0 */  
 495          0x70,0x20,
 496          0x72,0xCC,
 497          0x73,0x1B,
 498          0x74,0x00,
 499          0x75,0x13,
 500          0x84,0xC7,
 501          0x85,0x01,
 502          0xB0,0x80,
 503          0xB1,0x00,
 504          0xB2,0x29,
 505          0xB3,0x00,
 506          0xB4,0x20,
 507          0xB5,0x03,
 508          0xB6,0xE0,
 509          0xB7,0x01,
 510          0xB8,0x11,
 511          0xB9,0x05,
 512          0xBA,0x60,
 513          0xBB,0x02,
 514          0xBC,0x20,
 515          0xBD,0x00,
 516          0xBE,0x04,
 517          0xBF,0x00,
 518          0xDC,0x20,
 519          0xDD,0x03,
 520          0xDE,0xE0,
 521          0xDF,0x01,
 522          0x91,0x07,
 523          0xC2,0x02,
 524            0XFF,0X00,
 525          /* page 1 */  
 526          
 527            0XFF,0X00,
 528          /* page 2 */  
 529          
 530            0XFF,0X00,
 531          /* page 3 */  
 532            
 533            0XFF,0X00,
 534          /* page 4 */  
 535            0XFF,0X00,  
 536          };
 537          
 538          unsigned char code ntsc4_timing[]={
 539          /* page 0 */  
 540          0x70,0x20,
 541          0x72,0xCC,
 542          0x73,0x1B,
 543          0x74,0x00,
 544          0x75,0x0f,
 545          0x84,0xC7,
 546          0x85,0x17,
 547          0xB0,0x80,
 548          0xB2,0x21,
 549          0xB8,0x7D, 
 550          0xB9,0x05,
C51 COMPILER V7.50   PANEL                                                                 06/16/2017 08:24:41 PAGE 10  

 551          0xBA,0x60,
 552          0xBB,0x02,
 553          0xBC,0x20,
 554          0xBE,0x04,
 555          0x91,0x07,
 556          0xC2,0x02,
 557            0XFF,0X00,
 558          /* page 1 */  
 559          
 560            0XFF,0X00,
 561          /* page 2 */  
 562          
 563            0XFF,0X00,
 564          /* page 3 */  
 565            
 566            0XFF,0X00,
 567          /* page 4 */  
 568            0XFF,0X00,  
 569          };
 570          unsigned char code yuv_init[]={
 571          /* page 0 */  
 572          0x00,0x60,
 573          0x01,0x60,
 574          0x02,0x60,
 575          0x04,0x2F,
 576          0x0A,0x80,
 577          0x0B,0x80,
 578          0x0C,0x80,
 579          0x0D,0x20,
 580          0x0F,0xF0,
 581          0x10,0x09,
 582          0x11,0x1d,
 583          0x13,0x2A,
 584          0x14,0xDE,
 585          0x18,0x16,
 586          0x19,0x34,
 587          0x1a,0x80,
 588          0x20,0x80,
 589          0x40,0xC2,
 590          0x4f,0x00,
 591          0x30,0x00,
 592          0x31,0x08,
 593          0xC2,0x02,
 594          0xC4,0xa0,
 595          0xC8,0x4F,
 596          0xC9,0x02,
 597          0xCA,0x22,
 598            0XFF,0X00,
 599          /* page 1 */  
 600          0x00,0x0E,
 601          0x3A,0x00,
 602          0x3b,0x22,
 603            0XFF,0X00,
 604          /* page 2 */  
 605          
 606            0XFF,0X00,
 607          /* page 3 */  
 608            
 609            0XFF,0X00,
 610          /* page 4 */  
 611            0XFF,0X00,  
 612          };
C51 COMPILER V7.50   PANEL                                                                 06/16/2017 08:24:41 PAGE 11  

 613          unsigned char code yuv_480i[]={
 614          /* page 0 */
 615          0x01,0x67,
 616          0x02,0x67,
 617          0x04,0x2F,
 618          0x0B,0x80,  
 619          0x10,0x09,
 620          0x11,0x1D,
 621          0x14,0xDE,
 622          0x15,0xA0,
 623          0x16,0xA6,
 624          0x17,0x28,
 625          0x40,0xC2,
 626          0x45,0x10,
 627          0x46,0x05,
 628          0x48,0xA0,
 629          0x49,0x05,
 630          0x4a,0xF0,
 631          0x4b,0x00,
 632          0x4c,0xDE,
 633          0x4d,0x00,
 634          0x4e,0x11,
 635          0x4f,0x00,
 636          0x61,0x88,
 637          0x62,0x06,
 638          0x63,0x06,
 639          0x64,0x01,
 640          0x69,0x80,
 641          0xC8,0x64,
 642            0XFF,0X00,
 643          /* page 1 */  
 644          
 645            0XFF,0X00,
 646          /* page 2 */  
 647          
 648            0XFF,0X00,
 649          /* page 3 */  
 650            
 651            0XFF,0X00,
 652          /* page 4 */  
 653            0XFF,0X00,  
 654          };
 655          unsigned char code yuv_480i_timing[]={
 656          /* page 0 */  
 657          0x70,0x20,
 658          0x72,0x00,
 659          0x73,0x38,
 660          0x74,0x22,
 661          0x75,0x0F,
 662          0x78,0x00,
 663          0x84,0xC7,
 664          0x85,0x33,
 665          0xB2,0x21,
 666          0xB8,0x0f,
 667          0xB9,0x05,
 668          0xBA,0x66,
 669          0xBB,0x02,
 670          0xBC,0x20,
 671          0xBE,0x04,
 672            0XFF,0X00,
 673          /* page 1 */  
 674          0x3B,0x44,
C51 COMPILER V7.50   PANEL                                                                 06/16/2017 08:24:41 PAGE 12  

 675            0XFF,0X00,
 676          /* page 2 */  
 677          
 678            0XFF,0X00,
 679          /* page 3 */  
 680            
 681            0XFF,0X00,
 682          /* page 4 */  
 683            0XFF,0X00,  
 684          };
 685          unsigned char code yuv_480p[]={
 686          /* page 0 */
 687          0x01,0x67,
 688          0x02,0x67,
 689          0x04,0x2F,
 690          0x0B,0x80,  
 691          0x10,0x09,
 692          0x11,0x1D,
 693          0x14,0xDE,
 694          0x15,0x5A,
 695          0x16,0xA3,
 696          0x17,0x28,
 697          0x40,0xC2,
 698          0x45,0x12,
 699          0x46,0x01,
 700          0x48,0xD0,
 701          0x49,0x02,
 702          0x4a,0xE0,
 703          0x4b,0x01,
 704          0x4c,0x66,
 705          0x4d,0x00,
 706          0x4e,0x26,
 707          0x4f,0x00,
 708          0x61,0x88,
 709          0x62,0x06,
 710          0x63,0x06,
 711          0x64,0x01,
 712          0x69,0x80,
 713          0xC8,0x61,
 714            0XFF,0X00,
 715          /* page 1 */  
 716          
 717            0XFF,0X00,
 718          /* page 2 */  
 719          
 720            0XFF,0X00,
 721          /* page 3 */  
 722            
 723            0XFF,0X00,
 724          /* page 4 */  
 725            0XFF,0X00,  
 726          };
 727          unsigned char code yuv_480p_timing[]={
 728          /* page 0 */  
 729          0x70,0x20,
 730          0x72,0xB1,
 731          0x73,0x1C,
 732          0x74,0x00,
 733          0x75,0x1F,
 734          0x78,0x00,
 735          0x84,0xC7,
 736          0x85,0x14,
C51 COMPILER V7.50   PANEL                                                                 06/16/2017 08:24:41 PAGE 13  

 737          0xB2,0x20,
 738          0xB8,0x09,
 739          0xB9,0x05,
 740          0xBA,0x66,
 741          0xBB,0x02,
 742          0xBC,0x20,
 743          0xBE,0x04,
 744            0XFF,0X00,
 745          /* page 1 */  
 746          0x3B,0x44,
 747            0XFF,0X00,
 748          /* page 2 */  
 749          
 750            0XFF,0X00,
 751          /* page 3 */  
 752            
 753            0XFF,0X00,
 754          /* page 4 */  
 755            0XFF,0X00,  
 756          };
 757          unsigned char code yuv_576i[]={
 758          /* page 0 */
 759          0x01,0x67,
 760          0x02,0x67,
 761          0x04,0x2F,
 762          0x0B,0x80,    
 763          0x10,0x09,
 764          0x11,0x1D,
 765          0x14,0xDE,
 766          0x15,0xC0,
 767          0x16,0xA6,
 768          0x17,0x28,
 769          0x40,0xC2,
 770          0x45,0x10,
 771          0x46,0x05,
 772          0x48,0xA0,
 773          0x49,0x05,
 774          0x4a,0x20,
 775          0x4b,0x01,
 776          0x4c,0x00,
 777          0x4d,0x01,
 778          0x4e,0x13,
 779          0x4f,0x00,
 780          0x61,0x88,
 781          0x62,0x06,
 782          0x63,0x06,
 783          0x64,0x01,
 784          0x69,0x80,
 785          0xC8,0x4f,
 786            0XFF,0X00,
 787          /* page 1 */  
 788          
 789            0XFF,0X00,
 790          /* page 2 */  
 791          
 792            0XFF,0X00,
 793          /* page 3 */  
 794            
 795            0XFF,0X00,
 796          /* page 4 */  
 797            0XFF,0X00,  
 798          };
C51 COMPILER V7.50   PANEL                                                                 06/16/2017 08:24:41 PAGE 14  

 799          unsigned char code yuv_576i_timing[]={
 800          /* page 0 */  
 801          0x70,0x20,
 802          0x72,0x00,
 803          0x73,0x38,
 804          0x74,0x00,
 805          0x75,0x13,
 806          0x78,0x00,
 807          0x84,0xC7,
 808          0x85,0x1e,
 809          0xB2,0x21,
 810          0xB8,0x14,
 811          0xB9,0x05,
 812          0xBA,0x66,
 813          0xBB,0x02,
 814          0xBC,0x20,
 815          0xBE,0x04,
 816            0XFF,0X00,
 817          /* page 1 */  
 818          0x3B,0x44,
 819            0XFF,0X00,
 820          /* page 2 */  
 821          
 822            0XFF,0X00,
 823          /* page 3 */  
 824            
 825            0XFF,0X00,
 826          /* page 4 */  
 827            0XFF,0X00,  
 828          };
 829          unsigned char code yuv_576p[]={
 830          /* page 0 */
 831          0x01,0x67,
 832          0x02,0x67,
 833          0x04,0x2F,
 834          0x0B,0x80,  
 835          0x10,0x09,
 836          0x11,0x1D,
 837          0x14,0xDE,
 838          0x15,0x60,
 839          0x16,0xA3,
 840          0x17,0x28,
 841          0x40,0xC2,
 842          0x45,0x12,
 843          0x46,0x05,
 844          0x48,0xD0,
 845          0x49,0x02,
 846          0x4a,0x40,
 847          0x4b,0x02,
 848          0x4c,0x6D,
 849          0x4d,0x00,
 850          0x4e,0x2D,
 851          0x4f,0x00,
 852          0x61,0x88,
 853          0x62,0x06,
 854          0x63,0x06,
 855          0x64,0x01,
 856          0x69,0x80,
 857          0xC8,0x4f,
 858            0XFF,0X00,
 859          /* page 1 */  
 860          
C51 COMPILER V7.50   PANEL                                                                 06/16/2017 08:24:41 PAGE 15  

 861            0XFF,0X00,
 862          /* page 2 */  
 863          
 864            0XFF,0X00,
 865          /* page 3 */  
 866            
 867            0XFF,0X00,
 868          /* page 4 */  
 869            0XFF,0X00,  
 870          };
 871          unsigned char code yuv_576p_timing[]={
 872          /* page 0 */  
 873          0x70,0x20,
 874          0x72,0xA0,
 875          0x73,0x1C,
 876          0x74,0x10,
 877          0x75,0x26,
 878          0x78,0x00,
 879          0x84,0xC7,
 880          0x85,0x37,
 881          0xB2,0x1A,
 882          0xB8,0x17,
 883          0xB9,0x05,
 884          0xBA,0x66,
 885          0xBB,0x02,
 886          0xBC,0x20,
 887          0xBE,0x04,
 888            0XFF,0X00,
 889          /* page 1 */  
 890          0x3B,0x44,
 891            0XFF,0X00,
 892          /* page 2 */  
 893          
 894            0XFF,0X00,
 895          /* page 3 */  
 896            
 897            0XFF,0X00,
 898          /* page 4 */  
 899            0XFF,0X00,  
 900          };
 901          unsigned char code yuv_720p_50[]={
 902          /* page 0 */
 903          0x01,0x67,
 904          0x02,0x67,
 905          0x04,0x2F,
 906          0x0B,0xa0,  
 907          0x10,0x09,
 908          0x11,0x1F,
 909          0x14,0xDE,
 910          0x15,0xB5,
 911          0x16,0xE7,
 912          0x17,0x80,
 913          0x40,0xC2,
 914          0x45,0x12,
 915          0x46,0x05,
 916          0x48,0x00,
 917          0x49,0x05,
 918          0x4a,0xD0,
 919          0x4b,0x02,
 920          0x4c,0x12,
 921          0x4d,0x01,
 922          0x4e,0x19,
C51 COMPILER V7.50   PANEL                                                                 06/16/2017 08:24:41 PAGE 16  

 923          0x4f,0x00,
 924          0x61,0x88,
 925          0x62,0x0A,
 926          0x63,0x06,
 927          0x64,0x01,
 928          0x69,0x80,
 929            0XFF,0X00,
 930          /* page 1 */  
 931          
 932            0XFF,0X00,
 933          /* page 2 */  
 934          
 935            0XFF,0X00,
 936          /* page 3 */  
 937            
 938            0XFF,0X00,
 939          /* page 4 */  
 940            0XFF,0X00,  
 941          };
 942          unsigned char code yuv_720p_50_timing[]={
 943          /* page 0 */
 944          0x70,0x30,
 945          0x72,0x33,
 946          0x73,0x33,
 947          0x74,0x33,
 948          0x75,0x2F,
 949          0x78,0x00,
 950          0x84,0xC7,
 951          0x85,0x00,
 952          0xB2,0x12,
 953          0xB8,0x40,
 954          0xB9,0x05,
 955          0xBA,0x66,
 956          0xBB,0x02,
 957          0xBC,0x20,
 958          0xBE,0x04,
 959            0XFF,0X00,
 960          /* page 1 */  
 961          0x3B,0x44,
 962            0XFF,0X00,
 963          /* page 2 */  
 964          
 965            0XFF,0X00,
 966          /* page 3 */  
 967            
 968            0XFF,0X00,
 969          /* page 4 */  
 970            0XFF,0X00,  
 971          };
 972          unsigned char code yuv_720p_60[]={
 973          /* page 0 */
 974          0x01,0x60,
 975          0x02,0x60,
 976          0x04,0x2F,
 977          0x0B,0xa0,  
 978          0x10,0x09,
 979          0x11,0x1F,
 980          0x14,0xDE,
 981          0x15,0x72,
 982          0x16,0xE6,
 983          0x17,0x80,
 984          0x40,0xC2,
C51 COMPILER V7.50   PANEL                                                                 06/16/2017 08:24:41 PAGE 17  

 985          0x45,0x12,
 986          0x46,0x05,
 987          0x48,0x00,
 988          0x49,0x05,
 989          0x4a,0xD0,
 990          0x4b,0x02,
 991          0x4c,0x13,
 992          0x4d,0x01,
 993          0x4e,0x17,
 994          0x4f,0x00,
 995          0x61,0x88,
 996          0x62,0x0A,
 997          0x63,0x06,
 998          0x64,0x01,
 999          0x69,0x80,
1000            0XFF,0X00,
1001          /* page 1 */  
1002          
1003            0XFF,0X00,
1004          /* page 2 */  
1005          
1006            0XFF,0X00,
1007          /* page 3 */  
1008            
1009            0XFF,0X00,
1010          /* page 4 */  
1011            0XFF,0X00,  
1012          };
1013          unsigned char code yuv_720p_60_timing[]={
1014          /* page 0 */  
1015          0x70,0x30,
1016          0x72,0x33,
1017          0x73,0x33,
1018          0x74,0xd4,
1019          0x75,0x2F,
1020          0x78,0x00,
1021          0x84,0xC7,
1022          0x85,0x08,
1023          0xB2,0x0D,
1024          0xB8,0x72,
1025          0xB9,0x04,
1026          0xBA,0x66,
1027          0xBB,0x02,
1028          0xBC,0x20,
1029          0xBE,0x04,
1030            0XFF,0X00,
1031          /* page 1 */  
1032          0x3B,0x44,
1033            0XFF,0X00,
1034          /* page 2 */  
1035          
1036            0XFF,0X00,
1037          /* page 3 */  
1038            
1039            0XFF,0X00,
1040          /* page 4 */  
1041            0XFF,0X00,  
1042          };
1043          unsigned char code yuv_1080i_50[]={
1044          /* page 0 */
1045          0x01,0x60,
1046          0x02,0x60,
C51 COMPILER V7.50   PANEL                                                                 06/16/2017 08:24:41 PAGE 18  

1047          0x04,0x2F,
1048          0x0B,0xa0,  
1049          0x10,0x09,
1050          0x11,0x1F,
1051          0x14,0xDE,
1052          0x15,0x30,
1053          0x16,0xEA,
1054          0x17,0x80,
1055          0x40,0xC2,
1056          0x45,0x10,
1057          0x46,0x05,
1058          0x48,0x80,
1059          0x49,0x07,
1060          0x4a,0x1C,
1061          0x4b,0x02,
1062          0x4c,0xD8,
1063          0x4d,0x00,
1064          0x4e,0x14,
1065          0x4f,0x00,
1066          0x61,0x88,
1067          0x62,0x0A,
1068          0x63,0x06,
1069          0x64,0x01,
1070          0x69,0x80,
1071            0XFF,0X00,
1072          /* page 1 */  
1073          
1074            0XFF,0X00,
1075          /* page 2 */  
1076          
1077            0XFF,0X00,
1078          /* page 3 */  
1079            
1080            0XFF,0X00,
1081          /* page 4 */  
1082            0XFF,0X00,  
1083          };
1084          unsigned char code yuv_1080i_50_timing[]={
1085          /* page 0 */  
1086          0x70,0x30,
1087          0x72,0x80,
1088          0x73,0x4B,
1089          0x74,0x16,
1090          0x75,0x23,
1091          0x78,0x00,
1092          0x84,0xC7,
1093          0x85,0x1f,
1094          0xB2,0x0D,
1095          0xB8,0x35,
1096          0xB9,0x05,
1097          0xBA,0x66,
1098          0xBB,0x02,
1099          0xBC,0x20,
1100          0xBD,0x00,
1101          0xBE,0x04,
1102          0xBF,0x00,
1103            0XFF,0X00,
1104          /* page 1 */  
1105          0x3B,0x44,
1106            0XFF,0X00,
1107          /* page 2 */  
1108          
C51 COMPILER V7.50   PANEL                                                                 06/16/2017 08:24:41 PAGE 19  

1109            0XFF,0X00,
1110          /* page 3 */  
1111            
1112            0XFF,0X00,
1113          /* page 4 */  
1114            0XFF,0X00,  
1115          };
1116          unsigned char code yuv_1080i_60[]={
1117          /* page 0 */
1118          0x01,0x60,
1119          0x02,0x60,
1120          0x04,0x2F,
1121          0x0B,0xa0,  
1122          0x10,0x09,
1123          0x11,0x1F,
1124          0x14,0xDE,
1125          0x15,0x98,
1126          0x16,0xE8,
1127          0x17,0x60,
1128          0x40,0xC2,
1129          0x45,0x10,
1130          0x46,0x05,
1131          0x48,0x80,
1132          0x49,0x07,
1133          0x4a,0x1C,
1134          0x4b,0x02,
1135          0x4c,0xD4,
1136          0x4d,0x00,
1137          0x4e,0x12,
1138          0x4f,0x00,
1139          0x61,0x88,
1140          0x62,0x0A,
1141          0x63,0x06,
1142          0x64,0x01,
1143          0x69,0x80,
1144            0XFF,0X00,
1145          /* page 1 */  
1146          
1147            0XFF,0X00,
1148          /* page 2 */  
1149          
1150            0XFF,0X00,
1151          /* page 3 */  
1152            
1153            0XFF,0X00,
1154          /* page 4 */  
1155            0XFF,0X00,  
1156          };
1157          unsigned char code yuv_1080i_60_timing[]={
1158          /* page 0 */  
1159          0x70,0x30,
1160          0x72,0xCC,
1161          0x73,0x4C,
1162          0x74,0x09,
1163          0x75,0x23,
1164          0x78,0x00,
1165          0x84,0xC7,
1166          0x85,0x06,
1167          0xB2,0x11,
1168          0xB8,0x55,
1169          0xB9,0x04,
1170          0xBA,0x66,
C51 COMPILER V7.50   PANEL                                                                 06/16/2017 08:24:41 PAGE 20  

1171          0xBB,0x02,
1172          0xBC,0x20,
1173          0xBE,0x04,
1174            0XFF,0X00,
1175          /* page 1 */  
1176          0x3B,0x44,
1177            0XFF,0X00,
1178          /* page 2 */  
1179          
1180            0XFF,0X00,
1181          /* page 3 */  
1182            
1183            0XFF,0X00,
1184          /* page 4 */  
1185            0XFF,0X00,  
1186          };
1187          unsigned char code vga_init[]={
1188          /* page 0 */  
1189          0x00,0xE0,
1190          0x01,0x6f,
1191          0x02,0x6f,
1192          0x04,0x2F,
1193          0x0A,0x80,
1194          0x0B,0x80,
1195          0x0C,0x80,
1196          0x0D,0x20,
1197          0x0F,0x70,
1198          0x10,0x0D,
1199          0x11,0x00,
1200          0x13,0x2A,
1201          0x14,0xf0,
1202          0x18,0x00,
1203          0x19,0x24,
1204          0x1a,0x87,
1205          0x20,0x20,
1206          0x40,0xC2,
1207          0x4f,0x00,
1208          0x30,0x00,
1209          0x31,0x08,
1210          0xC2,0x02,
1211          0xC4,0xa0,
1212          0xC8,0x26,
1213          0xC9,0x02,
1214          0xCA,0x22,
1215          0xE0,0xC8,
1216            0XFF,0X00,
1217          /* page 1 */  
1218          0x00,0x0E,
1219          0x3A,0xA0,
1220          0x3b,0x22,
1221            0XFF,0X00,
1222          /* page 2 */  
1223          
1224            0XFF,0X00,
1225          /* page 3 */  
1226            
1227            0XFF,0X00,
1228          /* page 4 */  
1229            0XFF,0X00,  
1230          };
1231          unsigned char code vga_800_600[]={
1232          /* page 0 */
C51 COMPILER V7.50   PANEL                                                                 06/16/2017 08:24:41 PAGE 21  

1233          0x04,0x2a,
1234          0x0B,0xa0,  
1235          0x15,0x30,
1236          0x16,0xE4,
1237          0x17,0x28,
1238          0x45,0x0b,
1239          0x46,0x01,
1240          0x48,0x20,
1241          0x49,0x03,
1242          0x4a,0x58,
1243          0x4b,0x02,
1244          0x4c,0x4f,
1245          0x4d,0x00,
1246          0x4e,0x15,
1247          0x4f,0x00,
1248          0x61,0x08,
1249          0x62,0x0A,
1250          0x63,0x06,
1251          0x64,0x01,
1252            0XFF,0X00,
1253          /* page 1 */  
1254          0x3A,0xa0,
1255            0XFF,0X00,
1256          /* page 2 */  
1257          
1258            0XFF,0X00,
1259          /* page 3 */  
1260            
1261            0XFF,0X00,
1262          /* page 4 */  
1263            0XFF,0X00,  
1264          };
1265          unsigned char code vga_800_600_timing[]={
1266          /* page 0 */
1267          0x91,0x07,  
1268          0x70,0x10,
1269          0x72,0x00,
1270          0x73,0x20,
1271          0x74,0x00,
1272          0x75,0x28,
1273          0x78,0x00,
1274          0x84,0x0b,
1275          0x85,0x0e,
1276          0xB0,0x80,
1277          0xB2,0x0f,
1278          0xB8,0x54,
1279          0xB9,0x04,
1280          0xBA,0xA0,
1281          0xBB,0x02,
1282          0xBC,0x20,
1283          0xBE,0x04,
1284            0XFF,0X00,
1285          /* page 1 */  
1286          0x3B,0x44,
1287            0XFF,0X00,
1288          /* page 2 */  
1289          
1290            0XFF,0X00,
1291          /* page 3 */  
1292            
1293            0XFF,0X00,
1294          /* page 4 */  
C51 COMPILER V7.50   PANEL                                                                 06/16/2017 08:24:41 PAGE 22  

1295            0XFF,0X00,    
1296          };
1297          unsigned char code vga_720_480[]={
1298          /* page 0 */
1299          0x04,0x2F,
1300          //0x0B,0x80,  
1301          0x15,0x5A,
1302          0x16,0xA3,
1303          0x17,0x78,
1304          0x40,0xC2,
1305          0x41,0x5E,
1306          0x42,0x00,
1307          0x43,0x0E,
1308          0x44,0x00,
1309          0x45,0x09,//0x10
1310          0x46,0x01,
1311          0x48,0xD0,
1312          0x49,0x02,
1313          0x4a,0xE0,
1314          0x4b,0x01,
1315          0x4c,0x24,
1316          0x4d,0x00,
1317          0x4e,0x21,
1318          0x4f,0x00,
1319          0x61,0xC0,
1320          0x62,0x1F,
1321          0x63,0x1F,
1322          0x64,0x04,//0x05,
1323          0x68,0x80,//keviny add
1324          0x69,0x70,//keviny add
1325          0x6c,0xb0,//keviny add
1326          0x9d,0x1d,
1327          0x9e,0xf0,
1328          0x9f,0x80,
1329          0xc2,0x02,
1330            0XFF,0X00,
1331          /* page 1 */  
1332          0x3A,0xE0,
1333            0XFF,0X00,
1334          /* page 2 */  
1335          
1336            0XFF,0X00,
1337          /* page 3 */  
1338            
1339            0XFF,0X00,
1340          /* page 4 */  
1341            0XFF,0X00,  
1342          };
1343          unsigned char code vga_720_480_timing[]={
1344          /* page 0 */
1345          0x91,0x87,//0x07, 
1346          0x70,0x20,
1347          0x72,0xA4,
1348          0x73,0x1B,
1349          0x74,0xB0,
1350          0x75,0x1E,
1351          0x78,0x00,
1352          0x84,0xC7,
1353          0x85,0x00,
1354          0xB0,0x7c, //0x20
1355          0xB2,0x22,  //0x23
1356          0xB8,0x50,//0x4d
C51 COMPILER V7.50   PANEL                                                                 06/16/2017 08:24:41 PAGE 23  

1357          0xB9,0x04,
1358          0xBA,0x60, //0x2f
1359          0xBB,0x02,
1360          0xBC,0x24, //0x20
1361          0xBE,0x04,
1362          0xC4,0xa0, //0x80
1363          0xC8,0x54,//0x4f
1364          0xC9,0x02,
1365          0xCA,0x22, //0x32
1366            0XFF,0X00,
1367          /* page 1 */  
1368          0x3B,0x44,
1369            0XFF,0X00,
1370          /* page 2 */  
1371          
1372            0XFF,0X00,
1373          /* page 3 */  
1374            
1375            0XFF,0X00,
1376          /* page 4 */  
1377            0XFF,0X00,    
1378          };
1379          unsigned char code vga_720_576[]={
1380          /* page 0 */
1381          0x04,0x2F,
1382          //0x0B,0x80,
1383          0x15,0x5A,
1384          0x16,0xA3,
1385          0x17,0x78,
1386          0x40,0xC2,
1387          0x41,0x65,
1388          0x42,0x00,
1389          0x43,0x15,
1390          0x44,0x00,
1391          0x45,0x0B, //0X10
1392          0x46,0x01,
1393          0x48,0xD0,
1394          0x49,0x02,
1395          0x4a,0x40,
1396          0x4b,0x02,
1397          0x4c,0x24,
1398          0x4d,0x00,
1399          0x4e,0x29,
1400          0x4f,0x00,
1401          0x61,0xC0,
1402          0x62,0x1F,
1403          0x63,0x1F,
1404          0x64,0x04,//0x05,
1405          0x68,0x80,//keviny add
1406          0x69,0x70,//keviny add
1407          0x6c,0xb0,//keviny add
1408          0x9d,0x1d,
1409          0x9e,0xf0,
1410          0x9f,0x80,
1411          0xc2,0x02,
1412            0XFF,0X00,
1413          /* page 1 */  
1414          0x3A,0xE0,
1415            0XFF,0X00,
1416          /* page 2 */  
1417          
1418            0XFF,0X00,
C51 COMPILER V7.50   PANEL                                                                 06/16/2017 08:24:41 PAGE 24  

1419          /* page 3 */  
1420            
1421            0XFF,0X00,
1422          /* page 4 */  
1423            0XFF,0X00,  
1424          };
1425          unsigned char code vga_720_576_timing[]={
1426          /* page 0 */
1427          0x91,0x87,//0x07, 
1428          0x70,0x20,
1429          0x72,0xA4,
1430          0x73,0x1B,
1431          0x74,0x2d, //0X00
1432          0x75,0x24, //0X25
1433          0x78,0x00,
1434          0x84,0x42, //0xc7
1435          0x85,0x00, //0x03
1436          0xB0,0x7c,  //X020
1437          0xB2,0x23,  //0X1B
1438          0xB8,0x04,//0x09
1439          0xB9,0x05, //0x04
1440          0xBA,0x60, //0X2F
1441          0xBB,0x02,
1442          0xBC,0x24,  //0X20
1443          0xBE,0x04,
1444          0xC4,0xA0,
1445          0xC8,0x52,//0x51
1446          0xC9,0x02,
1447          0xCA,0x22, //0X32
1448          
1449            0XFF,0X00,
1450          /* page 1 */  
1451          0x3B,0x44,
1452            0XFF,0X00,
1453          /* page 2 */  
1454          
1455            0XFF,0X00,
1456          /* page 3 */  
1457            
1458            0XFF,0X00,
1459          /* page 4 */  
1460            0XFF,0X00,    
1461          };
1462          
1463          unsigned char code vip_init[]={
1464          /* page 0 */
1465          0x0F,0x00,//close adc
1466          0x10,0x28,
1467          0x16,0xF3,
1468          0x19,0x24,
1469          0x30,0x02,
1470          0x31,0x00,
1471          0x3C,0x00,
1472          0x3F,0x0C,
1473          0xB2,0x0A,//23,//add20131225
1474          0xB3,0x00,//add20131225
1475          //0xC2,0x00,//add20131225
1476          0xE0,0xF8,
1477          0xE6,0xC0,
1478            0XFF,0X00,
1479          /* page 1 */  
1480          0x10,0x00,//open cvd adc
C51 COMPILER V7.50   PANEL                                                                 06/16/2017 08:24:41 PAGE 25  

1481          0x13,0x00,//open cvbs 140519
1482          //0x3A,0x00,//0xE0,//A0,//fpll
1483          0x3b,0x22,//44,
1484            0XFF,0X00,
1485          /* page 2 */  
1486          
1487            0XFF,0X00,
1488          /* page 3 */  
1489            
1490            0XFF,0X00,
1491          /* page 4 */  
1492            0XFF,0X00,
1493          };
1494          unsigned char code ccir656_720_480i[]={
1495          /* page 0 */
1496          0x61,0x88,
1497          0x62,0x04,
1498          0x63,0x04,
1499          0x64,0x05,
1500          0x68,0x88,
1501          0x69,0x80,
1502          0x6c,0x80,
1503            0XFF,0X00,
1504          0xD0,0x30,
1505          0xD1,0x00,
1506          0xD2,0x10,
1507          0xD3,0x01,
1508          0xD4,0x01,
1509          0xD5,0x14,
1510          0xD7,0xD0,
1511          0xD8,0x02,
1512          0xD9,0x01,//14,
1513          0xDA,0x10,//10
1514          0xDB,0xF0,
1515          0xDC,0x00,
1516          0xDD,0x00,
1517          0xDE,0x00,
1518          0xDF,0x0C,
1519            0XFF,0X00,
1520          /* page 2 */  
1521          
1522            0XFF,0X00,
1523          /* page 3 */  
1524          0x7F,0xE0,//
1525            0XFF,0X00,
1526          /* page 4 */  
1527            0XFF,0X00,
1528          };
1529          unsigned char code ccir656_720_576i[]={
1530          /* page 0 */
1531          0x61,0x88,
1532          0x62,0x04,
1533          0x63,0x04,
1534          0x64,0x05,
1535          0x68,0x88,
1536          0x69,0x80,
1537          0x6c,0x80,
1538            0XFF,0X00,
1539          0xD0,0x30,
1540          0xD1,0x00,
1541          0xD2,0x10,
1542          0xD3,0x01,
C51 COMPILER V7.50   PANEL                                                                 06/16/2017 08:24:41 PAGE 26  

1543          0xD4,0x01,
1544          0xD5,0x14,
1545          0xD7,0xD0,
1546          0xD8,0x02,
1547          0xD9,0x01,//14,
1548          0xDA,0x10,//10
1549          0xDB,0x20,
1550          0xDC,0x01,
1551          0xDD,0x00,
1552          0xDE,0x00,
1553          0xDF,0x0C,
1554            0XFF,0X00,
1555          /* page 2 */  
1556          
1557            0XFF,0X00,
1558          /* page 3 */  
1559          0x7F,0xE0,//
1560            0XFF,0X00,
1561          /* page 4 */  
1562            0XFF,0X00,
1563          };
1564          unsigned char code ccir656_720p_ntsc[]={
1565          /* page 0 */
1566          0x61,0x88,
1567          0x62,0x04,
1568          0x63,0x04,
1569          0x64,0x05,
1570          0x68,0x88,
1571          0x69,0x80,
1572          0x6c,0x80,
1573            0XFF,0X00,
1574          0xD0,0x30,
1575          0xD1,0x00,
1576          0xD2,0x10,
1577          0xD3,0x01,
1578          0xD4,0x01,
1579          0xD5,0x14,//2E,
1580          0xD7,0x00,
1581          0xD8,0x05,
1582          0xD9,0x01,//14,
1583          0xDA,0x10,//10
1584          0xDB,0xD6,
1585          0xDC,0x02,
1586          0xDD,0x00,
1587          0xDE,0x00,
1588          0xDF,0x4C,
1589            0XFF,0X00,
1590          /* page 2 */  
1591          
1592            0XFF,0X00,
1593          /* page 3 */  
1594          0x7F,0xE0,//
1595            0XFF,0X00,
1596          /* page 4 */  
1597            0XFF,0X00,
1598          };
1599          unsigned char code ccir656_720p_pal[]={
1600          /* page 0 */
1601          0x61,0x88,
1602          0x62,0x04,
1603          0x63,0x04,
1604          0x64,0x05,
C51 COMPILER V7.50   PANEL                                                                 06/16/2017 08:24:41 PAGE 27  

1605          0x68,0x88,
1606          0x69,0x80,
1607          0x6c,0x80,
1608            0XFF,0X00,
1609          0xD0,0x30,
1610          0xD1,0x00,
1611          0xD2,0x10,
1612          0xD3,0x01,
1613          0xD4,0x01,
1614          0xD5,0x14,
1615          0xD7,0x00,
1616          0xD8,0x05,
1617          0xD9,0x01,//14,
1618          0xDA,0x10,//10
1619          0xDB,0xD6,
1620          0xDC,0x02,
1621          0xDD,0x00,
1622          0xDE,0x00,
1623          0xDF,0x4C,
1624            0XFF,0X00,
1625          /* page 2 */  
1626          
1627            0XFF,0X00,
1628          /* page 3 */  
1629          0x7F,0xE0,//
1630            0XFF,0X00,
1631          /* page 4 */  
1632            0XFF,0X00,
1633          };
1634          unsigned char code ccir656_1080p_ntsc[]={
1635          /* page 0 */
1636          0x61,0x88,
1637          0x62,0x04,
1638          0x63,0x04,
1639          0x64,0x05,
1640          0x68,0x88,
1641          0x69,0x80,
1642          0x6c,0x80,
1643            0XFF,0X00,
1644          0xD0,0x30,
1645          0xD1,0x00,
1646          0xD2,0x10,
1647          0xD3,0x01,
1648          0xD4,0x01,
1649          0xD5,0x00,
1650          0xD7,0x80,
1651          0xD8,0x07,
1652          0xD9,0x13,
1653          0xDA,0x10,
1654          0xDB,0x39,
1655          0xDC,0x04,
1656          0xDD,0x00,
1657          0xDE,0x00,
1658          0xDF,0x4C,
1659            0XFF,0X00,
1660          /* page 2 */  
1661          
1662            0XFF,0X00,
1663          /* page 3 */  
1664          0x7F,0xE0,//
1665            0XFF,0X00,
1666          /* page 4 */  
C51 COMPILER V7.50   PANEL                                                                 06/16/2017 08:24:41 PAGE 28  

1667            0XFF,0X00,
1668          };
1669          unsigned char code ccir656_1080p_pal[]={
1670          /* page 0 */
1671          0x61,0x88,
1672          0x62,0x04,
1673          0x63,0x04,
1674          0x64,0x05,
1675          0x68,0x88,
1676          0x69,0x80,
1677          0x6c,0x80,
1678            0XFF,0X00,
1679          0xD0,0x30,
1680          0xD1,0x00,
1681          0xD2,0x10,
1682          0xD3,0x01,
1683          0xD4,0x01,
1684          0xD5,0x00,
1685          0xD7,0x80,
1686          0xD8,0x07,
1687          0xD9,0x13,
1688          0xDA,0x10,
1689          0xDB,0x39,
1690          0xDC,0x04,
1691          0xDD,0x00,
1692          0xDE,0x00,
1693          0xDF,0x4C,
1694            0XFF,0X00,
1695          /* page 2 */  
1696          
1697            0XFF,0X00,
1698          /* page 3 */  
1699          0x7F,0xE0,//
1700            0XFF,0X00,
1701          /* page 4 */  
1702            0XFF,0X00,
1703          };
1704          unsigned char code ccir656_720_480i_timing[]={
1705          /* page 0 */ 
1706          0x70,0x30,
1707          0x72,0x30,
1708          0x73,0x1C,
1709          0x74,0x00,
1710          0x75,0x10,
1711          0x81,0x00,
1712          0x82,0x00,
1713          0x84,0x00,
1714          0x85,0x2D,
1715          0xB0,0x20,
1716          0xB2,0x20,
1717          0xB8,0x00,
1718          0xB9,0x04,
1719          0xBA,0x0A,
1720          0xBC,0x50,
1721          0xBD,0x00,
1722          0xBE,0x03,
1723          0xBF,0x00,
1724          0xC0,0x01,
1725          0xC4,0x80,
1726          0xC8,0x24,
1727          0xC9,0x02,
1728          0xCA,0x22,
C51 COMPILER V7.50   PANEL                                                                 06/16/2017 08:24:41 PAGE 29  

1729            0XFF,0X00,
1730          /* page 1 */  
1731            0XFF,0X00,
1732          /* page 2 */  
1733          
1734            0XFF,0X00,
1735          /* page 3 */  
1736            
1737            0XFF,0X00,
1738          /* page 4 */  
1739            0XFF,0X00,
1740          };
1741          unsigned char code ccir656_720_576i_timing[]={
1742          /* page 0 */ 
1743          0x70,0x10,
1744          0x72,0x62,
1745          0x73,0x1C,
1746          0x74,0x33,
1747          0x75,0x13,
1748          0x81,0x00,
1749          0x82,0x00,
1750          0x84,0x00,
1751          0x85,0x80,
1752          0xB0,0x20,
1753          0xB2,0x0A,
1754          0xB8,0xD0,
1755          0xB9,0x04,
1756          0xBA,0x0A,
1757          0xBC,0x50,
1758          0xBD,0x00,
1759          0xBE,0x03,
1760          0xBF,0x00,
1761          0xC0,0x01,
1762          0xC4,0x80,
1763          0xC8,0x24,
1764          0xC9,0x02,
1765          0xCA,0x22,
1766            0XFF,0X00,
1767          /* page 1 */  
1768            0XFF,0X00,
1769          /* page 2 */  
1770          
1771            0XFF,0X00,
1772          /* page 3 */  
1773            
1774            0XFF,0X00,
1775          /* page 4 */  
1776            0XFF,0X00,
1777          };
1778          unsigned char code ccir656_720p_ntsc_timing[]={
1779          /* page 0 */ 
1780          0x70,0x10,
1781          0x72,0x33,
1782          0x73,0x32,
1783          0x74,0x00,
1784          0x75,0x30,
1785          0x81,0x00,
1786          0x82,0x00,
1787          0x84,0x00,
1788          0x85,0x22,
1789          0xB0,0x20,//6A,
1790          0xB2,0x0A,
C51 COMPILER V7.50   PANEL                                                                 06/16/2017 08:24:41 PAGE 30  

1791          0xB8,0x59,//CF,
1792          0xB9,0x06,
1793          0xBA,0x0A,//2F,
1794          0xBC,0x50,//37,
1795          0xBD,0x00,
1796          0xBE,0x03,
1797          0xBF,0x00,
1798          0xC0,0x01,
1799          0xC4,0x80,
1800          0xC8,0x1B,
1801          0xC9,0x02,
1802          0xCA,0x22,
1803            0XFF,0X00,
1804          /* page 1 */  
1805            0XFF,0X00,
1806          /* page 2 */  
1807          
1808            0XFF,0X00,
1809          /* page 3 */  
1810            
1811            0XFF,0X00,
1812          /* page 4 */  
1813            0XFF,0X00,
1814          };
1815          unsigned char code ccir656_720p_pal_timing[]={
1816          /* page 0 */ 
1817          0x70,0x10,
1818          0x72,0x33,
1819          0x73,0x32,
1820          0x74,0x00,
1821          0x75,0x30,
1822          0x81,0x00,
1823          0x82,0x00,
1824          0x84,0x00,
1825          0x85,0x28,//30,//59,
1826          0xB0,0x20,//6A,
1827          0xB2,0x0A,
1828          0xB8,0x4D,//CF,
1829          0xB9,0x06,
1830          0xBA,0x0A,//2F,
1831          0xBC,0x50,//37,
1832          0xBD,0x00,
1833          0xBE,0x03,
1834          0xBF,0x00,
1835          0xC0,0x01,
1836          0xC4,0x80,
1837          0xC8,0x16,
1838          0xC9,0x02,
1839          0xCA,0x22,
1840            0XFF,0X00,
1841          /* page 1 */  
1842            0XFF,0X00,
1843          /* page 2 */  
1844          
1845            0XFF,0X00,
1846          /* page 3 */  
1847            
1848            0XFF,0X00,
1849          /* page 4 */  
1850            0XFF,0X00,
1851          };
1852          unsigned char code ccir656_1080p_ntsc_timing[]={
C51 COMPILER V7.50   PANEL                                                                 06/16/2017 08:24:41 PAGE 31  

1853          /* page 0 */ 
1854          0x70,0x10,
1855          0x72,0xCC,
1856          0x73,0x4C,
1857          0x74,0x00,
1858          0x75,0x40,
1859          0x81,0x00,
1860          0x82,0x00,
1861          0x84,0x00,
1862          0x85,0x21,
1863          0xB0,0x20,
1864          0xB2,0x0F,
1865          0xB8,0x74,
1866          0xB9,0x05,
1867          0xBA,0x0A,
1868          0xBC,0x50,
1869          0xBD,0x00,
1870          0xBE,0x03,
1871          0xBF,0x00,
1872          0xC0,0x01,
1873          0xC4,0x80,
1874          0xC8,0x1A,
1875          0xC9,0x02,
1876          0xCA,0x22,
1877            0XFF,0X00,
1878          /* page 1 */  
1879            0XFF,0X00,
1880          /* page 2 */  
1881          
1882            0XFF,0X00,
1883          /* page 3 */  
1884            
1885            0XFF,0X00,
1886          /* page 4 */  
1887            0XFF,0X00,
1888          };
1889          unsigned char code ccir656_1080p_pal_timing[]={
1890          /* page 0 */ 
1891          0x70,0x10,
1892          0x72,0xCC,
1893          0x73,0x4C,
1894          0x74,0x00,
1895          0x75,0x40,
1896          0x81,0x00,
1897          0x82,0x00,
1898          0x84,0x00,
1899          0x85,0x21,
1900          0xB0,0x20,
1901          0xB2,0x10,
1902          0xB8,0x8C,
1903          0xB9,0x06,
1904          0xBA,0x0A,
1905          0xBC,0x50,
1906          0xBD,0x00,
1907          0xBE,0x03,
1908          0xBF,0x00,
1909          0xC0,0x01,
1910          0xC4,0x80,
1911          0xC8,0x1A,
1912          0xC9,0x02,
1913          0xCA,0x22,
1914            0XFF,0X00,
C51 COMPILER V7.50   PANEL                                                                 06/16/2017 08:24:41 PAGE 32  

1915          /* page 1 */  
1916            0XFF,0X00,
1917          /* page 2 */  
1918          
1919            0XFF,0X00,
1920          /* page 3 */  
1921            
1922            0XFF,0X00,
1923          /* page 4 */  
1924            0XFF,0X00,
1925          };
1926          
1927          unsigned char code gammadata1[]=
1928          {
1929            0x00,0x00,0x01,0x01,0x01,0x02,0x02,0x02,0x03,0x03,0x04,0x04,0x05,0x05,0x06,0x07,
1930            0x07,0x08,0x08,0x09,0x0A,0x0B,0x0B,0x0C,0x0D,0x0E,0x0E,0x0F,0x10,0x11,0x12,0x13,
1931            0x13,0x14,0x15,0x16,0x17,0x18,0x19,0x1A,0x1B,0x1C,0x1D,0x1E,0x1F,0x20,0x21,0x22,
1932            0x23,0x25,0x26,0x27,0x28,0x29,0x2A,0x2B,0x2C,0x2D,0x2F,0x30,0x31,0x32,0x33,0x34,
1933            0x36,0x37,0x38,0x39,0x3A,0x3C,0x3D,0x3E,0x3F,0x41,0x42,0x43,0x44,0x45,0x47,0x48,
1934            0x49,0x4A,0x4C,0x4D,0x4E,0x4F,0x51,0x52,0x53,0x54,0x56,0x57,0x58,0x59,0x5B,0x5C,
1935            0x5D,0x5E,0x5F,0x61,0x62,0x63,0x64,0x66,0x67,0x68,0x69,0x6A,0x6C,0x6D,0x6E,0x6F,
1936            0x70,0x72,0x73,0x74,0x75,0x76,0x78,0x79,0x7A,0x7B,0x7C,0x7D,0x7E,0x80,0x81,0x82,
1937            0x83,0x84,0x85,0x86,0x87,0x89,0x8A,0x8B,0x8C,0x8D,0x8E,0x8F,0x90,0x91,0x92,0x93,
1938            0x94,0x95,0x97,0x98,0x99,0x9A,0x9B,0x9C,0x9D,0x9E,0x9F,0xA0,0xA1,0xA2,0xA3,0xA4,
1939            0xA5,0xA6,0xA7,0xA8,0xA8,0xA9,0xAA,0xAB,0xAC,0xAD,0xAE,0xAF,0xB0,0xB1,0xB2,0xB3,
1940            0xB4,0xB5,0xB5,0xB6,0xB7,0xB8,0xB9,0xBA,0xBB,0xBC,0xBD,0xBE,0xBE,0xBF,0xC0,0xC1,
1941            0xC2,0xC3,0xC4,0xC5,0xC5,0xC6,0xC7,0xC8,0xC9,0xCA,0xCB,0xCB,0xCC,0xCD,0xCE,0xCF,
1942            0xD0,0xD1,0xD2,0xD2,0xD3,0xD4,0xD5,0xD6,0xD7,0xD8,0xD9,0xDA,0xDB,0xDB,0xDC,0xDD,
1943            0xDE,0xDF,0xE0,0xE1,0xE2,0xE3,0xE4,0xE5,0xE6,0xE7,0xE8,0xE9,0xEA,0xEB,0xEC,0xED,
1944            0xEE,0xEF,0xF0,0xF1,0xF2,0xF3,0xF4,0xF6,0xF7,0xF8,0xF9,0xFA,0xFB,0xFD,0xFE,0xFF,
1945          };
1946          
1947          unsigned short code IML0_CVBS_TAB[13] ={
1948            &cvbs_init,
1949            &auto_ntsc,
1950            &auto_pal,
1951            &auto_palm,
1952            &auto_paln,
1953            &auto_secam,
1954            &auto_ntsc4,
1955            &ntsc_timing,
1956            &pal_timing,
1957            &palm_timing,
1958            &paln_timing,
1959            &secam_timing,
1960            &ntsc4_timing,
1961          };
1962          
1963          unsigned short code IML0_YUV_TAB[17]={
1964              &yuv_init,
1965              &yuv_480i,
1966              &yuv_576i,
1967              &yuv_480p,
1968              &yuv_576p,
1969              &yuv_720p_50,
1970              &yuv_720p_60,
1971              &yuv_1080i_50,
1972              &yuv_1080i_60,
1973            &yuv_480i_timing,
1974            &yuv_576i_timing,
1975            &yuv_480p_timing,
1976            &yuv_576p_timing,
C51 COMPILER V7.50   PANEL                                                                 06/16/2017 08:24:41 PAGE 33  

1977            &yuv_720p_50_timing,
1978            &yuv_720p_60_timing,
1979            &yuv_1080i_50_timing,
1980            &yuv_1080i_60_timing,
1981          };
1982          
1983          unsigned short code IML0_VGA_TAB[7] ={
1984            &vga_init,
1985            &vga_720_480,
1986            &vga_720_576,
1987              &vga_800_600,
1988            &vga_720_480_timing,
1989            &vga_720_576_timing,
1990            &vga_800_600_timing,
1991          };
1992          
1993          unsigned short code IML0_VIP_TAB[13] ={
1994            &vip_init,
1995            &ccir656_720_480i,
1996            &ccir656_720_576i,
1997            &ccir656_720p_ntsc,
1998            &ccir656_720p_pal,
1999            &ccir656_1080p_ntsc,
2000            &ccir656_1080p_pal,
2001            &ccir656_720_480i_timing,
2002            &ccir656_720_576i_timing,
2003            &ccir656_720p_ntsc_timing,
2004            &ccir656_720p_pal_timing,
2005            &ccir656_1080p_ntsc_timing,
2006            &ccir656_1080p_pal_timing,
2007          };
2008          
2009          void write_gamma(void)
2010          {
2011   1           unsigned short i;
2012   1         unsigned char code *VideoTable;
2013   1        IC_WritByte(TWIC_P0,0x93,0x00);
2014   1        VideoTable=gammadata1;
2015   1        for(i=0;i<=255;i++)
2016   1          IC_WritByte(TWIC_P0,0x94,*VideoTable++);  
2017   1        
2018   1      }
2019          
2020          void panel_init()
2021          { 
2022   1      #ifdef EN_CQ
                cq_WriteRegsTable_issue(HANSTER_PANEL_INIT_TBL, 4, CQ_TRIGGER_SW);
                if (cq_flush () < 0)
                  ERROR (("cq_flush()\n"));
              #else 
2027   1        WriteRegsTable(HANSTER_PANEL_INIT_TBL,CQ_TRIGGER_VSYNC);
2028   1      #endif
2029   1          write_gamma();
2030   1        DBG_PRINT("Panel: %s \r\n", PANEL_ID);
2031   1      }


MODULE INFORMATION:   STATIC OVERLAYABLE
   CODE SIZE        =    117    ----
   CONSTANT SIZE    =   3239    ----
   XDATA SIZE       =   ----       4
   PDATA SIZE       =   ----    ----
C51 COMPILER V7.50   PANEL                                                                 06/16/2017 08:24:41 PAGE 34  

   DATA SIZE        =   ----    ----
   IDATA SIZE       =   ----    ----
   BIT SIZE         =   ----    ----
   EDATA SIZE       =   ----    ----
   HDATA SIZE       =   ----    ----
   XDATA CONST SIZE =   ----    ----
   FAR CONST SIZE   =   ----    ----
END OF MODULE INFORMATION.


C51 COMPILATION COMPLETE.  0 WARNING(S),  0 ERROR(S)
